INFO 2024-12-10 22:22:13,348 converter Start to convert D:\Python_Project\EzPDF-ver2\media/files/Note8_thuchanh_XlxecGY.pdf
INFO 2024-12-10 22:22:13,348 converter [1;36m[1/4] Opening document...[0m
INFO 2024-12-10 22:22:13,349 converter [1;36m[2/4] Analyzing document...[0m
INFO 2024-12-10 22:22:13,805 converter [1;36m[3/4] Parsing pages...[0m
INFO 2024-12-10 22:22:13,806 converter (1/7) Page 1
INFO 2024-12-10 22:22:13,815 converter (2/7) Page 2
INFO 2024-12-10 22:22:13,821 converter (3/7) Page 3
INFO 2024-12-10 22:22:13,832 converter (4/7) Page 4
INFO 2024-12-10 22:22:13,840 converter (5/7) Page 5
INFO 2024-12-10 22:22:13,843 converter (6/7) Page 6
INFO 2024-12-10 22:22:13,850 converter (7/7) Page 7
INFO 2024-12-10 22:22:13,855 converter [1;36m[4/4] Creating pages...[0m
INFO 2024-12-10 22:22:13,865 converter (1/7) Page 1
INFO 2024-12-10 22:22:13,920 converter (2/7) Page 2
INFO 2024-12-10 22:22:13,942 converter (3/7) Page 3
INFO 2024-12-10 22:22:13,973 converter (4/7) Page 4
INFO 2024-12-10 22:22:14,002 converter (5/7) Page 5
INFO 2024-12-10 22:22:14,027 converter (6/7) Page 6
INFO 2024-12-10 22:22:14,052 converter (7/7) Page 7
INFO 2024-12-10 22:22:14,173 converter Terminated in 0.82s.
INFO 2024-12-10 22:22:14,175 basehttp "POST /upload/ HTTP/1.1" 201 126
INFO 2024-12-10 22:22:32,713 autoreload D:\Python_Project\EzPDF-ver2\File\views.py changed, reloading.
INFO 2024-12-10 22:22:33,725 autoreload Watching for file changes with StatReloader
INFO 2024-12-10 22:23:09,600 autoreload D:\Python_Project\EzPDF-ver2\File\views.py changed, reloading.
INFO 2024-12-10 22:23:10,603 autoreload Watching for file changes with StatReloader
INFO 2024-12-10 22:23:23,745 autoreload D:\Python_Project\EzPDF-ver2\File\views.py changed, reloading.
INFO 2024-12-10 22:23:24,747 autoreload Watching for file changes with StatReloader
INFO 2024-12-10 22:23:28,126 converter Start to convert D:\Python_Project\EzPDF-ver2\media/files/Note8_thuchanh.pdf
INFO 2024-12-10 22:23:28,127 converter [1;36m[1/4] Opening document...[0m
INFO 2024-12-10 22:23:28,127 converter [1;36m[2/4] Analyzing document...[0m
INFO 2024-12-10 22:23:28,639 converter [1;36m[3/4] Parsing pages...[0m
INFO 2024-12-10 22:23:28,640 converter (1/7) Page 1
INFO 2024-12-10 22:23:28,649 converter (2/7) Page 2
INFO 2024-12-10 22:23:28,656 converter (3/7) Page 3
INFO 2024-12-10 22:23:28,666 converter (4/7) Page 4
INFO 2024-12-10 22:23:28,673 converter (5/7) Page 5
INFO 2024-12-10 22:23:28,678 converter (6/7) Page 6
INFO 2024-12-10 22:23:28,686 converter (7/7) Page 7
INFO 2024-12-10 22:23:28,690 converter [1;36m[4/4] Creating pages...[0m
INFO 2024-12-10 22:23:28,713 converter (1/7) Page 1
INFO 2024-12-10 22:23:28,754 converter (2/7) Page 2
INFO 2024-12-10 22:23:28,773 converter (3/7) Page 3
INFO 2024-12-10 22:23:28,800 converter (4/7) Page 4
INFO 2024-12-10 22:23:28,827 converter (5/7) Page 5
INFO 2024-12-10 22:23:28,847 converter (6/7) Page 6
INFO 2024-12-10 22:23:28,871 converter (7/7) Page 7
INFO 2024-12-10 22:23:28,934 converter Terminated in 0.81s.
INFO 2024-12-10 22:23:28,936 basehttp "POST /upload/ HTTP/1.1" 201 118
INFO 2024-12-10 22:23:53,510 autoreload D:\Python_Project\EzPDF-ver2\File\views.py changed, reloading.
INFO 2024-12-10 22:23:54,503 autoreload Watching for file changes with StatReloader
INFO 2024-12-10 22:24:42,478 autoreload D:\Python_Project\EzPDF-ver2\File\views.py changed, reloading.
INFO 2024-12-10 22:24:43,717 autoreload Watching for file changes with StatReloader
INFO 2024-12-10 22:24:50,586 autoreload D:\Python_Project\EzPDF-ver2\File\views.py changed, reloading.
INFO 2024-12-10 22:24:51,627 autoreload Watching for file changes with StatReloader
INFO 2024-12-10 22:24:54,011 autoreload D:\Python_Project\EzPDF-ver2\File\views.py changed, reloading.
INFO 2024-12-10 22:24:55,063 autoreload Watching for file changes with StatReloader
INFO 2024-12-10 22:25:02,732 converter Start to convert D:\Python_Project\EzPDF-ver2\media/files/Note_5_thuchanh.pdf
INFO 2024-12-10 22:25:02,733 converter [1;36m[1/4] Opening document...[0m
INFO 2024-12-10 22:25:02,734 converter [1;36m[2/4] Analyzing document...[0m
INFO 2024-12-10 22:25:03,338 converter [1;36m[3/4] Parsing pages...[0m
INFO 2024-12-10 22:25:03,339 converter (1/9) Page 1
INFO 2024-12-10 22:25:03,348 converter (2/9) Page 2
INFO 2024-12-10 22:25:03,356 converter (3/9) Page 3
INFO 2024-12-10 22:25:03,365 converter (4/9) Page 4
INFO 2024-12-10 22:25:03,371 converter (5/9) Page 5
INFO 2024-12-10 22:25:03,376 converter (6/9) Page 6
INFO 2024-12-10 22:25:03,380 converter (7/9) Page 7
INFO 2024-12-10 22:25:03,387 converter (8/9) Page 8
INFO 2024-12-10 22:25:03,392 converter (9/9) Page 9
INFO 2024-12-10 22:25:03,395 converter [1;36m[4/4] Creating pages...[0m
INFO 2024-12-10 22:25:03,413 converter (1/9) Page 1
INFO 2024-12-10 22:25:03,446 converter (2/9) Page 2
INFO 2024-12-10 22:25:03,474 converter (3/9) Page 3
INFO 2024-12-10 22:25:03,502 converter (4/9) Page 4
INFO 2024-12-10 22:25:03,524 converter (5/9) Page 5
INFO 2024-12-10 22:25:03,538 converter (6/9) Page 6
INFO 2024-12-10 22:25:03,557 converter (7/9) Page 7
INFO 2024-12-10 22:25:03,589 converter (8/9) Page 8
INFO 2024-12-10 22:25:03,631 converter (9/9) Page 9
INFO 2024-12-10 22:25:03,706 converter Terminated in 0.97s.
INFO 2024-12-10 22:25:03,710 basehttp "POST /upload/ HTTP/1.1" 201 119
INFO 2024-12-10 22:26:37,030 autoreload D:\Python_Project\EzPDF-ver2\File\views.py changed, reloading.
INFO 2024-12-10 22:26:38,251 autoreload Watching for file changes with StatReloader
INFO 2024-12-10 22:26:43,835 autoreload D:\Python_Project\EzPDF-ver2\File\views.py changed, reloading.
INFO 2024-12-10 22:26:44,877 autoreload Watching for file changes with StatReloader
INFO 2024-12-10 22:26:49,302 autoreload D:\Python_Project\EzPDF-ver2\File\views.py changed, reloading.
INFO 2024-12-10 22:26:50,364 autoreload Watching for file changes with StatReloader
INFO 2024-12-10 22:27:46,853 autoreload D:\Python_Project\EzPDF-ver2\File\views.py changed, reloading.
INFO 2024-12-10 22:27:47,850 autoreload Watching for file changes with StatReloader
INFO 2024-12-10 22:28:14,544 basehttp "OPTIONS /upload/ HTTP/1.1" 200 0
INFO 2024-12-10 22:28:14,590 converter Start to convert D:\Python_Project\EzPDF-ver2\media/files/note2_thuchanh.pdf
INFO 2024-12-10 22:28:14,592 converter [1;36m[1/4] Opening document...[0m
INFO 2024-12-10 22:28:14,592 converter [1;36m[2/4] Analyzing document...[0m
INFO 2024-12-10 22:28:15,619 converter [1;36m[3/4] Parsing pages...[0m
INFO 2024-12-10 22:28:15,620 converter (1/11) Page 1
INFO 2024-12-10 22:28:15,657 converter (2/11) Page 2
INFO 2024-12-10 22:28:15,691 converter (3/11) Page 3
INFO 2024-12-10 22:28:15,701 converter (4/11) Page 4
INFO 2024-12-10 22:28:15,713 converter (5/11) Page 5
INFO 2024-12-10 22:28:15,725 converter (6/11) Page 6
INFO 2024-12-10 22:28:15,735 converter (7/11) Page 7
INFO 2024-12-10 22:28:15,747 converter (8/11) Page 8
INFO 2024-12-10 22:28:15,755 converter (9/11) Page 9
INFO 2024-12-10 22:28:15,757 converter (10/11) Page 10
INFO 2024-12-10 22:28:15,762 converter (11/11) Page 11
INFO 2024-12-10 22:28:15,763 converter [1;36m[4/4] Creating pages...[0m
INFO 2024-12-10 22:28:15,780 converter (1/11) Page 1
INFO 2024-12-10 22:28:15,868 converter (2/11) Page 2
INFO 2024-12-10 22:28:15,970 converter (3/11) Page 3
INFO 2024-12-10 22:28:16,002 converter (4/11) Page 4
INFO 2024-12-10 22:28:16,039 converter (5/11) Page 5
INFO 2024-12-10 22:28:16,060 converter (6/11) Page 6
INFO 2024-12-10 22:28:16,084 converter (7/11) Page 7
INFO 2024-12-10 22:28:16,110 converter (8/11) Page 8
INFO 2024-12-10 22:28:16,133 converter (9/11) Page 9
INFO 2024-12-10 22:28:16,148 converter (10/11) Page 10
INFO 2024-12-10 22:28:16,173 converter (11/11) Page 11
INFO 2024-12-10 22:28:16,206 converter Terminated in 1.61s.
INFO 2024-12-10 22:28:16,208 basehttp "POST /upload/ HTTP/1.1" 201 118
INFO 2024-12-10 15:33:10,981 autoreload Watching for file changes with StatReloader
INFO 2024-12-10 15:33:49,065 autoreload /app/File/views.py changed, reloading.
INFO 2024-12-10 15:33:49,918 autoreload Watching for file changes with StatReloader
INFO 2024-12-10 15:34:01,565 autoreload /app/File/views.py changed, reloading.
INFO 2024-12-10 15:34:02,389 autoreload Watching for file changes with StatReloader
INFO 2024-12-10 15:34:48,010 autoreload /app/File/views.py changed, reloading.
INFO 2024-12-10 15:34:48,913 autoreload Watching for file changes with StatReloader
INFO 2024-12-10 15:36:01,979 autoreload /app/File/views.py changed, reloading.
INFO 2024-12-10 15:36:02,832 autoreload Watching for file changes with StatReloader
INFO 2024-12-10 15:36:07,020 autoreload /app/File/views.py changed, reloading.
INFO 2024-12-10 15:36:07,850 autoreload Watching for file changes with StatReloader
INFO 2024-12-10 15:36:20,737 autoreload /app/File/views.py changed, reloading.
INFO 2024-12-10 15:36:21,568 autoreload Watching for file changes with StatReloader
INFO 2024-12-10 15:36:24,603 autoreload /app/File/views.py changed, reloading.
INFO 2024-12-10 15:36:25,402 autoreload Watching for file changes with StatReloader
INFO 2024-12-10 15:36:59,429 autoreload Watching for file changes with StatReloader
INFO 2024-12-10 15:37:23,686 views User attempting login: admin@gmail.com
INFO 2024-12-10 15:37:24,479 views Login successful for user: admin@gmail.com
INFO 2024-12-10 15:37:24,598 basehttp "POST /account/signin/ HTTP/1.1" 200 524
ERROR 2024-12-10 15:37:37,478 log Internal Server Error: /upload/
Traceback (most recent call last):
  File "/usr/local/lib/python3.10/site-packages/django/core/handlers/exception.py", line 55, in inner
    response = get_response(request)
  File "/usr/local/lib/python3.10/site-packages/django/core/handlers/base.py", line 197, in _get_response
    response = wrapped_callback(request, *callback_args, **callback_kwargs)
  File "/usr/local/lib/python3.10/site-packages/django/views/decorators/csrf.py", line 65, in _view_wrapper
    return view_func(request, *args, **kwargs)
  File "/usr/local/lib/python3.10/site-packages/django/views/generic/base.py", line 104, in view
    return self.dispatch(request, *args, **kwargs)
  File "/usr/local/lib/python3.10/site-packages/rest_framework/views.py", line 509, in dispatch
    response = self.handle_exception(exc)
  File "/usr/local/lib/python3.10/site-packages/rest_framework/views.py", line 469, in handle_exception
    self.raise_uncaught_exception(exc)
  File "/usr/local/lib/python3.10/site-packages/rest_framework/views.py", line 480, in raise_uncaught_exception
    raise exc
  File "/usr/local/lib/python3.10/site-packages/rest_framework/views.py", line 506, in dispatch
    response = handler(request, *args, **kwargs)
  File "/usr/local/lib/python3.10/site-packages/rest_framework/decorators.py", line 50, in handler
    return func(*args, **kwargs)
  File "/app/File/views.py", line 49, in upload_file
    file_path = file_url.replace('http://127.0.0.1:8000/media/', settings.MEDIA_ROOT)
AttributeError: 'NoneType' object has no attribute 'replace'
ERROR 2024-12-10 15:37:37,487 basehttp "POST /upload/ HTTP/1.1" 500 97567
INFO 2024-12-10 15:38:37,982 basehttp "OPTIONS /upload/ HTTP/1.1" 200 0
INFO 2024-12-10 15:38:40,199 converter Start to convert /app/media/files/Note1_thuchanh1.pdf
INFO 2024-12-10 15:38:40,341 converter [1;36m[1/4] Opening document...[0m
INFO 2024-12-10 15:38:40,383 converter [1;36m[2/4] Analyzing document...[0m
WARNING 2024-12-10 15:38:44,080 ImagesExtractor Ignore image due to inconsistent size of color and mask pixmaps: [106, 107, 2, 2, 1, 'Indexed', '', 'Image106', '', 0]
WARNING 2024-12-10 15:38:44,256 ImagesExtractor Ignore image due to inconsistent size of color and mask pixmaps: [116, 117, 2, 2, 1, 'Indexed', '', 'Image116', '', 0]
INFO 2024-12-10 15:38:45,145 converter [1;36m[3/4] Parsing pages...[0m
INFO 2024-12-10 15:38:45,154 converter (1/18) Page 1
INFO 2024-12-10 15:38:45,204 converter (2/18) Page 2
INFO 2024-12-10 15:38:45,220 converter (3/18) Page 3
INFO 2024-12-10 15:38:45,234 converter (4/18) Page 4
INFO 2024-12-10 15:38:45,248 converter (5/18) Page 5
INFO 2024-12-10 15:38:45,259 converter (6/18) Page 6
INFO 2024-12-10 15:38:45,278 converter (7/18) Page 7
INFO 2024-12-10 15:38:45,289 converter (8/18) Page 8
INFO 2024-12-10 15:38:45,300 converter (9/18) Page 9
INFO 2024-12-10 15:38:45,323 converter (10/18) Page 10
INFO 2024-12-10 15:38:45,334 converter (11/18) Page 11
INFO 2024-12-10 15:38:45,344 converter (12/18) Page 12
INFO 2024-12-10 15:38:45,371 converter (13/18) Page 13
INFO 2024-12-10 15:38:45,433 converter (14/18) Page 14
INFO 2024-12-10 15:38:45,468 converter (15/18) Page 15
INFO 2024-12-10 15:38:45,521 converter (16/18) Page 16
INFO 2024-12-10 15:38:45,545 converter (17/18) Page 17
INFO 2024-12-10 15:38:45,567 converter (18/18) Page 18
INFO 2024-12-10 15:38:45,585 converter [1;36m[4/4] Creating pages...[0m
INFO 2024-12-10 15:38:45,680 converter (1/18) Page 1
ERROR 2024-12-10 15:38:45,715 converter Ignore page 1 due to making page error: invalid literal for int() with base 16: 'x1'
INFO 2024-12-10 15:38:45,722 converter (2/18) Page 2
ERROR 2024-12-10 15:38:45,736 converter Ignore page 2 due to making page error: invalid literal for int() with base 16: 'x1'
INFO 2024-12-10 15:38:45,743 converter (3/18) Page 3
ERROR 2024-12-10 15:38:45,754 converter Ignore page 3 due to making page error: invalid literal for int() with base 16: 'x1'
INFO 2024-12-10 15:38:45,761 converter (4/18) Page 4
ERROR 2024-12-10 15:38:45,773 converter Ignore page 4 due to making page error: invalid literal for int() with base 16: 'x1'
INFO 2024-12-10 15:38:45,780 converter (5/18) Page 5
ERROR 2024-12-10 15:38:45,798 converter Ignore page 5 due to making page error: invalid literal for int() with base 16: 'x1'
INFO 2024-12-10 15:38:45,806 converter (6/18) Page 6
ERROR 2024-12-10 15:38:45,818 converter Ignore page 6 due to making page error: invalid literal for int() with base 16: 'x1'
INFO 2024-12-10 15:38:45,828 converter (7/18) Page 7
ERROR 2024-12-10 15:38:45,839 converter Ignore page 7 due to making page error: invalid literal for int() with base 16: 'x1'
INFO 2024-12-10 15:38:45,846 converter (8/18) Page 8
ERROR 2024-12-10 15:38:45,857 converter Ignore page 8 due to making page error: invalid literal for int() with base 16: 'x1'
INFO 2024-12-10 15:38:45,866 converter (9/18) Page 9
ERROR 2024-12-10 15:38:45,879 converter Ignore page 9 due to making page error: invalid literal for int() with base 16: 'x1'
INFO 2024-12-10 15:38:45,886 converter (10/18) Page 10
ERROR 2024-12-10 15:38:45,897 converter Ignore page 10 due to making page error: invalid literal for int() with base 16: 'x1'
INFO 2024-12-10 15:38:45,903 converter (11/18) Page 11
ERROR 2024-12-10 15:38:45,919 converter Ignore page 11 due to making page error: invalid literal for int() with base 16: 'x1'
INFO 2024-12-10 15:38:45,925 converter (12/18) Page 12
ERROR 2024-12-10 15:38:45,942 converter Ignore page 12 due to making page error: invalid literal for int() with base 16: 'x1'
INFO 2024-12-10 15:38:45,951 converter (13/18) Page 13
ERROR 2024-12-10 15:38:45,960 converter Ignore page 13 due to making page error: invalid literal for int() with base 16: 'x1'
INFO 2024-12-10 15:38:45,967 converter (14/18) Page 14
ERROR 2024-12-10 15:38:45,977 converter Ignore page 14 due to making page error: invalid literal for int() with base 16: 'x1'
INFO 2024-12-10 15:38:45,985 converter (15/18) Page 15
ERROR 2024-12-10 15:38:46,002 converter Ignore page 15 due to making page error: invalid literal for int() with base 16: 'x1'
INFO 2024-12-10 15:38:46,009 converter (16/18) Page 16
ERROR 2024-12-10 15:38:46,026 converter Ignore page 16 due to making page error: invalid literal for int() with base 16: 'x1'
INFO 2024-12-10 15:38:46,034 converter (17/18) Page 17
ERROR 2024-12-10 15:38:46,046 converter Ignore page 17 due to making page error: invalid literal for int() with base 16: 'x1'
INFO 2024-12-10 15:38:46,053 converter (18/18) Page 18
ERROR 2024-12-10 15:38:46,067 converter Ignore page 18 due to making page error: invalid literal for int() with base 16: 'x1'
INFO 2024-12-10 15:38:46,148 converter Terminated in 5.95s.
INFO 2024-12-10 15:38:46,165 basehttp "POST /upload/ HTTP/1.1" 201 119
INFO 2024-12-10 15:41:10,716 converter Start to convert /app/media/files/Note1_thuchanh1_Wb3Q2Kr.pdf
INFO 2024-12-10 15:41:10,720 converter [1;36m[1/4] Opening document...[0m
INFO 2024-12-10 15:41:10,724 converter [1;36m[2/4] Analyzing document...[0m
WARNING 2024-12-10 15:41:11,641 ImagesExtractor Ignore image due to inconsistent size of color and mask pixmaps: [106, 107, 2, 2, 1, 'Indexed', '', 'Image106', '', 0]
WARNING 2024-12-10 15:41:11,706 ImagesExtractor Ignore image due to inconsistent size of color and mask pixmaps: [116, 117, 2, 2, 1, 'Indexed', '', 'Image116', '', 0]
INFO 2024-12-10 15:41:12,176 converter [1;36m[3/4] Parsing pages...[0m
INFO 2024-12-10 15:41:12,180 converter (1/18) Page 1
INFO 2024-12-10 15:41:12,209 converter (2/18) Page 2
INFO 2024-12-10 15:41:12,216 converter (3/18) Page 3
INFO 2024-12-10 15:41:12,222 converter (4/18) Page 4
INFO 2024-12-10 15:41:12,228 converter (5/18) Page 5
INFO 2024-12-10 15:41:12,233 converter (6/18) Page 6
INFO 2024-12-10 15:41:12,238 converter (7/18) Page 7
INFO 2024-12-10 15:41:12,244 converter (8/18) Page 8
INFO 2024-12-10 15:41:12,249 converter (9/18) Page 9
INFO 2024-12-10 15:41:12,256 converter (10/18) Page 10
INFO 2024-12-10 15:41:12,261 converter (11/18) Page 11
INFO 2024-12-10 15:41:12,266 converter (12/18) Page 12
INFO 2024-12-10 15:41:12,279 converter (13/18) Page 13
INFO 2024-12-10 15:41:12,311 converter (14/18) Page 14
INFO 2024-12-10 15:41:12,329 converter (15/18) Page 15
INFO 2024-12-10 15:41:12,359 converter (16/18) Page 16
INFO 2024-12-10 15:41:12,371 converter (17/18) Page 17
INFO 2024-12-10 15:41:12,382 converter (18/18) Page 18
INFO 2024-12-10 15:41:12,394 converter [1;36m[4/4] Creating pages...[0m
INFO 2024-12-10 15:41:12,413 converter (1/18) Page 1
ERROR 2024-12-10 15:41:12,419 converter Ignore page 1 due to making page error: invalid literal for int() with base 16: 'x1'
INFO 2024-12-10 15:41:12,422 converter (2/18) Page 2
ERROR 2024-12-10 15:41:12,426 converter Ignore page 2 due to making page error: invalid literal for int() with base 16: 'x1'
INFO 2024-12-10 15:41:12,429 converter (3/18) Page 3
ERROR 2024-12-10 15:41:12,435 converter Ignore page 3 due to making page error: invalid literal for int() with base 16: 'x1'
INFO 2024-12-10 15:41:12,438 converter (4/18) Page 4
ERROR 2024-12-10 15:41:12,444 converter Ignore page 4 due to making page error: invalid literal for int() with base 16: 'x1'
INFO 2024-12-10 15:41:12,447 converter (5/18) Page 5
ERROR 2024-12-10 15:41:12,453 converter Ignore page 5 due to making page error: invalid literal for int() with base 16: 'x1'
INFO 2024-12-10 15:41:12,456 converter (6/18) Page 6
ERROR 2024-12-10 15:41:12,461 converter Ignore page 6 due to making page error: invalid literal for int() with base 16: 'x1'
INFO 2024-12-10 15:41:12,464 converter (7/18) Page 7
ERROR 2024-12-10 15:41:12,470 converter Ignore page 7 due to making page error: invalid literal for int() with base 16: 'x1'
INFO 2024-12-10 15:41:12,474 converter (8/18) Page 8
ERROR 2024-12-10 15:41:12,483 converter Ignore page 8 due to making page error: invalid literal for int() with base 16: 'x1'
INFO 2024-12-10 15:41:12,487 converter (9/18) Page 9
ERROR 2024-12-10 15:41:12,493 converter Ignore page 9 due to making page error: invalid literal for int() with base 16: 'x1'
INFO 2024-12-10 15:41:12,497 converter (10/18) Page 10
ERROR 2024-12-10 15:41:12,504 converter Ignore page 10 due to making page error: invalid literal for int() with base 16: 'x1'
INFO 2024-12-10 15:41:12,508 converter (11/18) Page 11
ERROR 2024-12-10 15:41:12,513 converter Ignore page 11 due to making page error: invalid literal for int() with base 16: 'x1'
INFO 2024-12-10 15:41:12,516 converter (12/18) Page 12
ERROR 2024-12-10 15:41:12,523 converter Ignore page 12 due to making page error: invalid literal for int() with base 16: 'x1'
INFO 2024-12-10 15:41:12,526 converter (13/18) Page 13
ERROR 2024-12-10 15:41:12,531 converter Ignore page 13 due to making page error: invalid literal for int() with base 16: 'x1'
INFO 2024-12-10 15:41:12,535 converter (14/18) Page 14
ERROR 2024-12-10 15:41:12,540 converter Ignore page 14 due to making page error: invalid literal for int() with base 16: 'x1'
INFO 2024-12-10 15:41:12,544 converter (15/18) Page 15
ERROR 2024-12-10 15:41:12,551 converter Ignore page 15 due to making page error: invalid literal for int() with base 16: 'x1'
INFO 2024-12-10 15:41:12,555 converter (16/18) Page 16
ERROR 2024-12-10 15:41:12,561 converter Ignore page 16 due to making page error: invalid literal for int() with base 16: 'x1'
INFO 2024-12-10 15:41:12,565 converter (17/18) Page 17
ERROR 2024-12-10 15:41:12,570 converter Ignore page 17 due to making page error: invalid literal for int() with base 16: 'x1'
INFO 2024-12-10 15:41:12,574 converter (18/18) Page 18
ERROR 2024-12-10 15:41:12,585 converter Ignore page 18 due to making page error: invalid literal for int() with base 16: 'x1'
INFO 2024-12-10 15:41:12,638 converter Terminated in 1.92s.
INFO 2024-12-10 15:41:12,645 basehttp "POST /upload/ HTTP/1.1" 201 127
